\BOOKMARK [2][]{Outline0.2}{General Information}{}% 1
\BOOKMARK [2][]{Outline0.3}{Colors}{}% 2
\BOOKMARK [2][]{Outline0.4}{Introduction}{}% 3
\BOOKMARK [2][]{Outline0.5}{What is RaspberryPi?}{}% 4
\BOOKMARK [2][]{Outline0.6}{Initialize RaspberryPi}{}% 5
\BOOKMARK [2][]{Outline0.7}{Initialize RaspberryPi}{}% 6
\BOOKMARK [2][]{Outline0.8}{Initialize RaspberryPi}{}% 7
\BOOKMARK [2][]{Outline0.9}{Initialize RaspberryPi}{}% 8
\BOOKMARK [2][]{Outline0.10}{haar-like feature}{}% 9
\BOOKMARK [2][]{Outline0.11}{adaboost}{}% 10
\BOOKMARK [2][]{Outline0.12}{outcome}{}% 11
\BOOKMARK [2][]{Outline0.13}{Face Tracking}{}% 12
\BOOKMARK [2][]{Outline0.14}{Motion Detector}{}% 13
\BOOKMARK [2][]{Outline0.15}{Motion Detector}{}% 14
\BOOKMARK [2][]{Outline0.16}{Motion Detector}{}% 15
\BOOKMARK [2][]{Outline0.17}{Motion Detector}{}% 16
\BOOKMARK [2][]{Outline0.18}{Difficulties and Improvements}{}% 17
\BOOKMARK [2][]{Outline0.19}{Further Functions: LPR System}{}% 18
\BOOKMARK [2][]{Outline0.20}{Further Functions: PT Camera Control}{}% 19
\BOOKMARK [2][]{Outline0.21}{Conclusion}{}% 20
