This is pdfTeX, Version 3.14159265-2.6-1.40.18 (MiKTeX 2.9.6300 64-bit) (preloaded format=pdflatex 2017.5.13)  22 OCT 2017 22:04
entering extended mode
**./TemplateA.tex
(TemplateA.tex
LaTeX2e <2017-04-15>
Babel <3.9r> and hyphenation patterns for 75 language(s) loaded.
(E:\MiKTex\tex\latex\base\article.cls
Document Class: article 2014/09/29 v1.4h Standard LaTeX document class
(E:\MiKTex\tex\latex\base\size11.clo
File: size11.clo 2014/09/29 v1.4h Standard LaTeX file (size option)
)
\c@part=\count79
\c@section=\count80
\c@subsection=\count81
\c@subsubsection=\count82
\c@paragraph=\count83
\c@subparagraph=\count84
\c@figure=\count85
\c@table=\count86
\abovecaptionskip=\skip41
\belowcaptionskip=\skip42
\bibindent=\dimen102
)
(E:\MiKTex\tex\latex\graphics\graphicx.sty
Package: graphicx 2014/10/28 v1.0g Enhanced LaTeX Graphics (DPC,SPQR)

(E:\MiKTex\tex\latex\graphics\keyval.sty
Package: keyval 2014/10/28 v1.15 key=value parser (DPC)
\KV@toks@=\toks14
)
(E:\MiKTex\tex\latex\graphics\graphics.sty
Package: graphics 2017/04/14 v1.1b Standard LaTeX Graphics (DPC,SPQR)

(E:\MiKTex\tex\latex\graphics\trig.sty
Package: trig 2016/01/03 v1.10 sin cos tan (DPC)
)
(E:\MiKTex\tex\latex\graphics-cfg\graphics.cfg
File: graphics.cfg 2016/06/04 v1.11 sample graphics configuration
)
Package graphics Info: Driver file: pdftex.def on input line 99.

(E:\MiKTex\tex\latex\graphics-def\pdftex.def
File: pdftex.def 2017/01/12 v0.06k Graphics/color for pdfTeX

(E:\MiKTex\tex\generic\oberdiek\infwarerr.sty
Package: infwarerr 2016/05/16 v1.4 Providing info/warning/error messages (HO)
)
(E:\MiKTex\tex\generic\oberdiek\ltxcmds.sty
Package: ltxcmds 2016/05/16 v1.23 LaTeX kernel commands for general use (HO)
)
\Gread@gobject=\count87
))
\Gin@req@height=\dimen103
\Gin@req@width=\dimen104
)
("C:\Users\Gavin Wong\AppData\Roaming\MiKTeX\2.9\tex\latex\preprint\fullpage.st
y"
Package: fullpage 1999/02/23 1.1 (PWD)
\FP@margin=\skip43
) (E:\MiKTex\tex\latex\hyperref\hyperref.sty
Package: hyperref 2017/03/14 v6.85a Hypertext links for LaTeX

(E:\MiKTex\tex\generic\oberdiek\hobsub-hyperref.sty
Package: hobsub-hyperref 2016/05/16 v1.14 Bundle oberdiek, subset hyperref (HO)


(E:\MiKTex\tex\generic\oberdiek\hobsub-generic.sty
Package: hobsub-generic 2016/05/16 v1.14 Bundle oberdiek, subset generic (HO)
Package: hobsub 2016/05/16 v1.14 Construct package bundles (HO)
Package hobsub Info: Skipping package `infwarerr' (already loaded).
Package hobsub Info: Skipping package `ltxcmds' (already loaded).
Package: ifluatex 2016/05/16 v1.4 Provides the ifluatex switch (HO)
Package ifluatex Info: LuaTeX not detected.
Package: ifvtex 2016/05/16 v1.6 Detect VTeX and its facilities (HO)
Package ifvtex Info: VTeX not detected.
Package: intcalc 2016/05/16 v1.2 Expandable calculations with integers (HO)
Package: ifpdf 2017/03/15 v3.2 Provides the ifpdf switch
Package: etexcmds 2016/05/16 v1.6 Avoid name clashes with e-TeX commands (HO)
Package etexcmds Info: Could not find \expanded.
(etexcmds)             That can mean that you are not using pdfTeX 1.50 or
(etexcmds)             that some package has redefined \expanded.
(etexcmds)             In the latter case, load this package earlier.
Package: kvsetkeys 2016/05/16 v1.17 Key value parser (HO)
Package: kvdefinekeys 2016/05/16 v1.4 Define keys (HO)
Package: pdftexcmds 2017/03/19 v0.25 Utility functions of pdfTeX for LuaTeX (HO
)
Package pdftexcmds Info: LuaTeX not detected.
Package pdftexcmds Info: \pdf@primitive is available.
Package pdftexcmds Info: \pdf@ifprimitive is available.
Package pdftexcmds Info: \pdfdraftmode found.
Package: pdfescape 2016/05/16 v1.14 Implements pdfTeX's escape features (HO)
Package: bigintcalc 2016/05/16 v1.4 Expandable calculations on big integers (HO
)
Package: bitset 2016/05/16 v1.2 Handle bit-vector datatype (HO)
Package: uniquecounter 2016/05/16 v1.3 Provide unlimited unique counter (HO)
)
Package hobsub Info: Skipping package `hobsub' (already loaded).
Package: letltxmacro 2016/05/16 v1.5 Let assignment for LaTeX macros (HO)
Package: hopatch 2016/05/16 v1.3 Wrapper for package hooks (HO)
Package: xcolor-patch 2016/05/16 xcolor patch
Package: atveryend 2016/05/16 v1.9 Hooks at the very end of document (HO)
Package atveryend Info: \enddocument detected (standard20110627).
Package: atbegshi 2016/06/09 v1.18 At begin shipout hook (HO)
Package: refcount 2016/05/16 v3.5 Data extraction from label references (HO)
Package: hycolor 2016/05/16 v1.8 Color options for hyperref/bookmark (HO)
)
(E:\MiKTex\tex\generic\ifxetex\ifxetex.sty
Package: ifxetex 2010/09/12 v0.6 Provides ifxetex conditional
)
(E:\MiKTex\tex\latex\oberdiek\auxhook.sty
Package: auxhook 2016/05/16 v1.4 Hooks for auxiliary files (HO)
)
(E:\MiKTex\tex\latex\oberdiek\kvoptions.sty
Package: kvoptions 2016/05/16 v3.12 Key value format for package options (HO)
)
\@linkdim=\dimen105
\Hy@linkcounter=\count88
\Hy@pagecounter=\count89

(E:\MiKTex\tex\latex\hyperref\pd1enc.def
File: pd1enc.def 2017/03/14 v6.85a Hyperref: PDFDocEncoding definition (HO)
)
\Hy@SavedSpaceFactor=\count90

(E:\MiKTex\tex\latex\00miktex\hyperref.cfg
File: hyperref.cfg 2002/06/06 v1.2 hyperref configuration of TeXLive
)
Package hyperref Info: Hyper figures OFF on input line 4498.
Package hyperref Info: Link nesting OFF on input line 4503.
Package hyperref Info: Hyper index ON on input line 4506.
Package hyperref Info: Plain pages OFF on input line 4513.
Package hyperref Info: Backreferencing OFF on input line 4518.
Package hyperref Info: Implicit mode ON; LaTeX internals redefined.
Package hyperref Info: Bookmarks ON on input line 4751.
\c@Hy@tempcnt=\count91

("C:\Users\Gavin Wong\AppData\Roaming\MiKTeX\2.9\tex\latex\url\url.sty"
\Urlmuskip=\muskip10
Package: url 2013/09/16  ver 3.4  Verb mode for urls, etc.
)
LaTeX Info: Redefining \url on input line 5104.
\XeTeXLinkMargin=\dimen106
\Fld@menulength=\count92
\Field@Width=\dimen107
\Fld@charsize=\dimen108
Package hyperref Info: Hyper figures OFF on input line 6358.
Package hyperref Info: Link nesting OFF on input line 6363.
Package hyperref Info: Hyper index ON on input line 6366.
Package hyperref Info: backreferencing OFF on input line 6373.
Package hyperref Info: Link coloring OFF on input line 6378.
Package hyperref Info: Link coloring with OCG OFF on input line 6383.
Package hyperref Info: PDF/A mode OFF on input line 6388.
LaTeX Info: Redefining \ref on input line 6428.
LaTeX Info: Redefining \pageref on input line 6432.
\Hy@abspage=\count93
\c@Item=\count94
\c@Hfootnote=\count95
)

Package hyperref Message: Driver (autodetected): hpdftex.

(E:\MiKTex\tex\latex\hyperref\hpdftex.def
File: hpdftex.def 2017/03/14 v6.85a Hyperref driver for pdfTeX
\Fld@listcount=\count96
\c@bookmark@seq@number=\count97

(E:\MiKTex\tex\latex\oberdiek\rerunfilecheck.sty
Package: rerunfilecheck 2016/05/16 v1.8 Rerun checks for auxiliary files (HO)
Package uniquecounter Info: New unique counter `rerunfilecheck' on input line 2
82.
)
\Hy@SectionHShift=\skip44
)
("C:\Users\Gavin Wong\AppData\Roaming\MiKTeX\2.9\tex\latex\listings\listings.st
y"
\lst@mode=\count98
\lst@gtempboxa=\box26
\lst@token=\toks15
\lst@length=\count99
\lst@currlwidth=\dimen109
\lst@column=\count100
\lst@pos=\count101
\lst@lostspace=\dimen110
\lst@width=\dimen111
\lst@newlines=\count102
\lst@lineno=\count103
\lst@maxwidth=\dimen112

("C:\Users\Gavin Wong\AppData\Roaming\MiKTeX\2.9\tex\latex\listings\lstmisc.sty
"
File: lstmisc.sty 2015/06/04 1.6 (Carsten Heinz)
\c@lstnumber=\count104
\lst@skipnumbers=\count105
\lst@framebox=\box27
)
("C:\Users\Gavin Wong\AppData\Roaming\MiKTeX\2.9\tex\latex\listings\listings.cf
g"
File: listings.cfg 2015/06/04 1.6 listings configuration
))
Package: listings 2015/06/04 1.6 (Carsten Heinz)

("C:\Users\Gavin Wong\AppData\Roaming\MiKTeX\2.9\tex\latex\appendix\appendix.st
y"
Package: appendix 2009/09/02 v1.2b extra appendix facilities
\c@@pps=\count106
\c@@ppsavesec=\count107
\c@@ppsaveapp=\count108
)
("C:\Users\Gavin Wong\AppData\Roaming\MiKTeX\2.9\tex\latex\pdfpages\pdfpages.st
y"
Package: pdfpages 2017/01/14 v0.5h Insert pages of external PDF documents (AM)
 (E:\MiKTex\tex\latex\base\ifthen.sty
Package: ifthen 2014/09/29 v1.1c Standard LaTeX ifthen package (DPC)
) (E:\MiKTex\tex\latex\tools\calc.sty
Package: calc 2014/10/28 v4.3 Infix arithmetic (KKT,FJ)
\calc@Acount=\count109
\calc@Bcount=\count110
\calc@Adimen=\dimen113
\calc@Bdimen=\dimen114
\calc@Askip=\skip45
\calc@Bskip=\skip46
LaTeX Info: Redefining \setlength on input line 80.
LaTeX Info: Redefining \addtolength on input line 81.
\calc@Ccount=\count111
\calc@Cskip=\skip47
)
("C:\Users\Gavin Wong\AppData\Roaming\MiKTeX\2.9\tex\latex\eso-pic\eso-pic.sty"
Package: eso-pic 2015/07/21 v2.0g eso-pic (RN)
("C:\Users\Gavin Wong\AppData\Roaming\MiKTeX\2.9\tex\latex\xcolor\xcolor.sty"
Package: xcolor 2016/05/11 v2.12 LaTeX color extensions (UK)

(E:\MiKTex\tex\latex\graphics-cfg\color.cfg
File: color.cfg 2016/01/02 v1.6 sample color configuration
)
Package xcolor Info: Driver file: pdftex.def on input line 225.
Package xcolor Info: Model `cmy' substituted by `cmy0' on input line 1348.
Package xcolor Info: Model `hsb' substituted by `rgb' on input line 1352.
Package xcolor Info: Model `RGB' extended on input line 1364.
Package xcolor Info: Model `HTML' substituted by `rgb' on input line 1366.
Package xcolor Info: Model `Hsb' substituted by `hsb' on input line 1367.
Package xcolor Info: Model `tHsb' substituted by `hsb' on input line 1368.
Package xcolor Info: Model `HSB' substituted by `hsb' on input line 1369.
Package xcolor Info: Model `Gray' substituted by `gray' on input line 1370.
Package xcolor Info: Model `wave' substituted by `hsb' on input line 1371.
))
\AM@pagewidth=\dimen115
\AM@pageheight=\dimen116

("C:\Users\Gavin Wong\AppData\Roaming\MiKTeX\2.9\tex\latex\pdfpages\pppdftex.de
f"
File: pppdftex.def 2017/01/14 v0.5h Pdfpages driver for pdfTeX (AM)
)
\AM@pagebox=\box28
\AM@global@opts=\toks16
\AM@toc@title=\toks17
\c@AM@survey=\count112
\AM@templatesizebox=\box29
)
("C:\Users\Gavin Wong\AppData\Roaming\MiKTeX\2.9\tex\latex\tocloft\tocloft.sty"
Package: tocloft 2013/05/02 v2.3f parameterised ToC, etc., typesetting
Package tocloft Info: The document has section divisions on input line 44.
\cftparskip=\skip48
\cftbeforetoctitleskip=\skip49
\cftaftertoctitleskip=\skip50
\cftbeforepartskip=\skip51
\cftpartnumwidth=\skip52
\cftpartindent=\skip53
\cftbeforesecskip=\skip54
\cftsecindent=\skip55
\cftsecnumwidth=\skip56
\cftbeforesubsecskip=\skip57
\cftsubsecindent=\skip58
\cftsubsecnumwidth=\skip59
\cftbeforesubsubsecskip=\skip60
\cftsubsubsecindent=\skip61
\cftsubsubsecnumwidth=\skip62
\cftbeforeparaskip=\skip63
\cftparaindent=\skip64
\cftparanumwidth=\skip65
\cftbeforesubparaskip=\skip66
\cftsubparaindent=\skip67
\cftsubparanumwidth=\skip68
\cftbeforeloftitleskip=\skip69
\cftafterloftitleskip=\skip70
\cftbeforefigskip=\skip71
\cftfigindent=\skip72
\cftfignumwidth=\skip73
\c@lofdepth=\count113
\c@lotdepth=\count114
\cftbeforelottitleskip=\skip74
\cftafterlottitleskip=\skip75
\cftbeforetabskip=\skip76
\cfttabindent=\skip77
\cfttabnumwidth=\skip78
) (TemplateA.aux)
\openout1 = `TemplateA.aux'.

LaTeX Font Info:    Checking defaults for OML/cmm/m/it on input line 22.
LaTeX Font Info:    ... okay on input line 22.
LaTeX Font Info:    Checking defaults for T1/cmr/m/n on input line 22.
LaTeX Font Info:    ... okay on input line 22.
LaTeX Font Info:    Checking defaults for OT1/cmr/m/n on input line 22.
LaTeX Font Info:    ... okay on input line 22.
LaTeX Font Info:    Checking defaults for OMS/cmsy/m/n on input line 22.
LaTeX Font Info:    ... okay on input line 22.
LaTeX Font Info:    Checking defaults for OMX/cmex/m/n on input line 22.
LaTeX Font Info:    ... okay on input line 22.
LaTeX Font Info:    Checking defaults for U/cmr/m/n on input line 22.
LaTeX Font Info:    ... okay on input line 22.
LaTeX Font Info:    Checking defaults for PD1/pdf/m/n on input line 22.
LaTeX Font Info:    ... okay on input line 22.

("C:\Users\Gavin Wong\AppData\Roaming\MiKTeX\2.9\tex\context\base\supp-pdf.mkii
"
[Loading MPS to PDF converter (version 2006.09.02).]
\scratchcounter=\count115
\scratchdimen=\dimen117
\scratchbox=\box30
\nofMPsegments=\count116
\nofMParguments=\count117
\everyMPshowfont=\toks18
\MPscratchCnt=\count118
\MPscratchDim=\dimen118
\MPnumerator=\count119
\makeMPintoPDFobject=\count120
\everyMPtoPDFconversion=\toks19
) (E:\MiKTex\tex\latex\oberdiek\epstopdf-base.sty
Package: epstopdf-base 2016/05/15 v2.6 Base part for package epstopdf

(E:\MiKTex\tex\latex\oberdiek\grfext.sty
Package: grfext 2016/05/16 v1.2 Manage graphics extensions (HO)
)
Package epstopdf-base Info: Redefining graphics rule for `.eps' on input line 4
38.
Package grfext Info: Graphics extension search list:
(grfext)             [.png,.pdf,.jpg,.mps,.jpeg,.jbig2,.jb2,.PNG,.PDF,.JPG,.JPE
G,.JBIG2,.JB2,.eps]
(grfext)             \AppendGraphicsExtensions on input line 456.
)
\AtBeginShipoutBox=\box31
Package hyperref Info: Link coloring OFF on input line 22.

(E:\MiKTex\tex\latex\hyperref\nameref.sty
Package: nameref 2016/05/21 v2.44 Cross-referencing by name of section

(E:\MiKTex\tex\generic\oberdiek\gettitlestring.sty
Package: gettitlestring 2016/05/16 v1.5 Cleanup title references (HO)
)
\c@section@level=\count121
)
LaTeX Info: Redefining \ref on input line 22.
LaTeX Info: Redefining \pageref on input line 22.
LaTeX Info: Redefining \nameref on input line 22.
 (TemplateA.out)
(TemplateA.out)
\@outlinefile=\write3
\openout3 = `TemplateA.out'.

\c@lstlisting=\count122
 (E:\MiKTex\tex\latex\oberdiek\pdflscape.sty
Package: pdflscape 2016/05/14 v0.11 Display of landscape pages in PDF (HO)

(E:\MiKTex\tex\latex\graphics\lscape.sty
Package: lscape 2000/10/22 v3.01 Landscape Pages (DPC)
)
Package pdflscape Info: Auto-detected driver: pdftex on input line 81.
)
<xjtlu_logo_bw.pdf, id=47, 597.23125pt x 109.40875pt>
File: xjtlu_logo_bw.pdf Graphic file (type pdf)
 <use xjtlu_logo_bw.pdf>
Package pdftex.def Info: xjtlu_logo_bw.pdf used on input line 25.
(pdftex.def)             Requested size: 226.48395pt x 41.4906pt.
LaTeX Font Info:    External font `cmex10' loaded for size
(Font)              <12> on input line 25.
LaTeX Font Info:    External font `cmex10' loaded for size
(Font)              <8> on input line 25.
LaTeX Font Info:    External font `cmex10' loaded for size
(Font)              <6> on input line 25.
LaTeX Font Info:    External font `cmex10' loaded for size
(Font)              <7> on input line 29.
LaTeX Font Info:    External font `cmex10' loaded for size
(Font)              <5> on input line 29.

(TemplateA.toc
LaTeX Font Info:    External font `cmex10' loaded for size
(Font)              <10.95> on input line 2.
)
\tf@toc=\write4
\openout4 = `TemplateA.toc'.

 [1

{C:/Users/Gavin Wong/AppData/Local/MiKTeX/2.9/pdftex/config/pdftex.map} <./xjtl
u_logo_bw.pdf>]pdfTeX warning (ext4): destination with the same identifier (nam
e{page.1}) has been already used, duplicate ignored
<to be read again> 
                   \relax 
l.121 
       [1] (TemplateA.bbl
Underfull \hbox (badness 10000) in paragraph at lines 25--27
[]\OT1/cmr/m/n/10.95 WikiBooks, ``L[]T[]X ad-vanced math-e-mat-ics,'' []$http :
 / / en . wikibooks . org / wiki / LaTeX /
 []

) [2]
("C:\Users\Gavin Wong\AppData\Roaming\MiKTeX\2.9\tex\latex\listings\lstlang1.st
y"
File: lstlang1.sty 2015/06/04 1.6 listings language file
)
Package hyperref Info: bookmark level for unknown lstlisting defaults to 0 on i
nput line 178.
LaTeX Font Info:    External font `cmex10' loaded for size
(Font)              <9> on input line 181.
LaTeX Font Info:    Try loading font information for OMS+cmr on input line 187.

 (E:\MiKTex\tex\latex\base\omscmr.fd
File: omscmr.fd 2014/09/29 v2.5h Standard LaTeX font definitions
)
LaTeX Font Info:    Font shape `OMS/cmr/m/n' in size <9> not available
(Font)              Font shape `OMS/cmsy/m/n' tried instead on input line 187.
Package atveryend Info: Empty hook `BeforeClearDocument' on input line 212.
 [3]
Package atveryend Info: Empty hook `AfterLastShipout' on input line 212.
 (TemplateA.aux)
Package atveryend Info: Executing hook `AtVeryEndDocument' on input line 212.
Package atveryend Info: Executing hook `AtEndAfterFileList' on input line 212.
Package rerunfilecheck Info: File `TemplateA.out' has not changed.
(rerunfilecheck)             Checksum: 1A09DCF736215A5D3F7133E4D6A3D167;526.
Package atveryend Info: Empty hook `AtVeryVeryEnd' on input line 212.
 ) 
Here is how much of TeX's memory you used:
 8507 strings out of 493328
 122614 string characters out of 3146891
 258919 words of memory out of 3000000
 11915 multiletter control sequences out of 15000+200000
 11151 words of font info for 39 fonts, out of 3000000 for 9000
 1141 hyphenation exceptions out of 8191
 37i,11n,40p,746b,1724s stack positions out of 5000i,500n,10000p,200000b,50000s
<E:/MiKTex/fonts/type1/public/amsfonts/cm/cmbx10.pfb><E:/MiKTex/fonts/type1/p
ublic/amsfonts/cm/cmbx12.pfb><E:/MiKTex/fonts/type1/public/amsfonts/cm/cmbx9.pf
b><E:/MiKTex/fonts/type1/public/amsfonts/cm/cmex10.pfb><E:/MiKTex/fonts/type1/p
ublic/amsfonts/cm/cmmi10.pfb><E:/MiKTex/fonts/type1/public/amsfonts/cm/cmmi8.pf
b><E:/MiKTex/fonts/type1/public/amsfonts/cm/cmr10.pfb><E:/MiKTex/fonts/type1/pu
blic/amsfonts/cm/cmr12.pfb><E:/MiKTex/fonts/type1/public/amsfonts/cm/cmr17.pfb>
<E:/MiKTex/fonts/type1/public/amsfonts/cm/cmr6.pfb><E:/MiKTex/fonts/type1/publi
c/amsfonts/cm/cmr7.pfb><E:/MiKTex/fonts/type1/public/amsfonts/cm/cmr8.pfb><E:/M
iKTex/fonts/type1/public/amsfonts/cm/cmr9.pfb><E:/MiKTex/fonts/type1/public/ams
fonts/cm/cmsy10.pfb><E:/MiKTex/fonts/type1/public/amsfonts/cm/cmsy8.pfb><E:/MiK
Tex/fonts/type1/public/amsfonts/cm/cmsy9.pfb><E:/MiKTex/fonts/type1/public/amsf
onts/cm/cmti9.pfb><E:/MiKTex/fonts/type1/public/amsfonts/cm/cmtt10.pfb>
Output written on TemplateA.pdf (4 pages, 297241 bytes).
PDF statistics:
 199 PDF objects out of 1000 (max. 8388607)
 38 named destinations out of 1000 (max. 500000)
 94 words of extra memory for PDF output out of 10000 (max. 10000000)

